2019-01-30 12:01:10 [main] INFO l.i.m.MembershipConsumerApplication - Starting MembershipConsumerApplication on Sithiras-MacBook-Pro-work.local with PID 57984 (/Users/sithira/Projects/Java/ikman.lk/membership-consumer/out/production/classes started by sithira in /Users/sithira/Projects/Java/ikman.lk/membership-consumer)
2019-01-30 12:01:10 [main] DEBUG l.i.m.MembershipConsumerApplication - Running with Spring Boot v2.1.2.RELEASE, Spring v5.1.4.RELEASE
2019-01-30 12:01:10 [main] INFO l.i.m.MembershipConsumerApplication - No active profile set, falling back to default profiles: default
2019-01-30 12:01:10 [main] INFO o.s.c.s.PostProcessorRegistrationDelegate$BeanPostProcessorChecker - Bean 'org.springframework.amqp.rabbit.annotation.RabbitBootstrapConfiguration' of type [org.springframework.amqp.rabbit.annotation.RabbitBootstrapConfiguration$$EnhancerBySpringCGLIB$$2faae157] is not eligible for getting processed by all BeanPostProcessors (for example: not eligible for auto-proxying)
2019-01-30 12:01:11 [main] INFO o.s.b.w.e.tomcat.TomcatWebServer - Tomcat initialized with port(s): 1025 (http)
2019-01-30 12:01:11 [main] INFO o.a.catalina.core.StandardService - Starting service [Tomcat]
2019-01-30 12:01:11 [main] INFO o.a.catalina.core.StandardEngine - Starting Servlet engine: [Apache Tomcat/9.0.14]
2019-01-30 12:01:11 [main] INFO o.a.c.core.AprLifecycleListener - The APR based Apache Tomcat Native library which allows optimal performance in production environments was not found on the java.library.path: [/Users/sithira/Library/Java/Extensions:/Library/Java/Extensions:/Network/Library/Java/Extensions:/System/Library/Java/Extensions:/usr/lib/java:.]
2019-01-30 12:01:11 [main] INFO o.a.c.c.C.[Tomcat].[localhost].[/] - Initializing Spring embedded WebApplicationContext
2019-01-30 12:01:11 [main] INFO o.s.s.c.ThreadPoolTaskExecutor - Initializing ExecutorService 'applicationTaskExecutor'
2019-01-30 12:01:11 [main] INFO o.s.s.c.ThreadPoolTaskScheduler - Initializing ExecutorService 'taskScheduler'
2019-01-30 12:01:11 [main] INFO o.s.a.r.c.CachingConnectionFactory - Attempting to connect to: localhost:5672
2019-01-30 12:01:11 [main] INFO o.s.a.r.c.CachingConnectionFactory - Created new connection: connectionFactory#aa5455e:0/SimpleConnection@3c7cfcbb [delegate=amqp://sithira@127.0.0.1:5672/, localPort= 59211]
2019-01-30 12:01:11 [main] INFO o.s.b.w.e.tomcat.TomcatWebServer - Tomcat started on port(s): 1025 (http) with context path ''
2019-01-30 12:01:11 [main] INFO l.i.m.MembershipConsumerApplication - Started MembershipConsumerApplication in 2.033 seconds (JVM running for 3.177)
2019-01-30 12:01:24 [membershipQueueConsumer-1] DEBUG l.i.m.services.RabbitMQConsumer - *********** AMQP Message **********
2019-01-30 12:01:24 [membershipQueueConsumer-1] DEBUG l.i.m.services.RabbitMQConsumer -  Id          : null
2019-01-30 12:01:24 [membershipQueueConsumer-1] DEBUG l.i.m.services.RabbitMQConsumer -  CorrelId    : null
2019-01-30 12:01:24 [membershipQueueConsumer-1] DEBUG l.i.m.services.RabbitMQConsumer -  Timestamp   : null
2019-01-30 12:01:24 [membershipQueueConsumer-1] DEBUG l.i.m.services.RabbitMQConsumer -  Service     : null
2019-01-30 12:01:24 [membershipQueueConsumer-1] DEBUG l.i.m.services.RabbitMQConsumer -  Content-Type: null
2019-01-30 12:01:24 [membershipQueueConsumer-1] DEBUG l.i.m.services.RabbitMQConsumer -  Encoding    : null
2019-01-30 12:01:24 [membershipQueueConsumer-1] DEBUG l.i.m.services.RabbitMQConsumer -  Message     : {
"url":"http://localhost:1025/test"
}
2019-01-30 12:01:24 [membershipQueueConsumer-1] DEBUG l.i.m.services.RabbitMQConsumer - *************** End ***************
2019-01-30 12:01:24 [http-nio-1025-exec-1] INFO o.a.c.c.C.[Tomcat].[localhost].[/] - Initializing Spring DispatcherServlet 'dispatcherServlet'
2019-01-30 14:09:33 [Thread-8] INFO o.s.a.r.l.SimpleMessageListenerContainer - Waiting for workers to finish.
2019-01-30 14:09:34 [Thread-8] INFO o.s.a.r.l.SimpleMessageListenerContainer - Successfully waited for workers to finish.
2019-01-30 14:09:34 [Thread-8] INFO o.s.s.c.ThreadPoolTaskScheduler - Shutting down ExecutorService 'taskScheduler'
2019-01-30 14:09:34 [Thread-8] INFO o.s.s.c.ThreadPoolTaskExecutor - Shutting down ExecutorService 'applicationTaskExecutor'
2019-01-30 14:09:34 [Thread-8] INFO o.s.a.r.l.SimpleMessageListenerContainer - Shutdown ignored - container is not active already
2019-01-30 14:10:08 [main] INFO l.i.m.MembershipConsumerApplication - Starting MembershipConsumerApplication on Sithiras-MacBook-Pro-work.local with PID 67840 (/Users/sithira/Projects/Java/ikman.lk/membership-consumer/out/production/classes started by sithira in /Users/sithira/Projects/Java/ikman.lk/membership-consumer)
2019-01-30 14:10:08 [main] DEBUG l.i.m.MembershipConsumerApplication - Running with Spring Boot v2.1.2.RELEASE, Spring v5.1.4.RELEASE
2019-01-30 14:10:08 [main] INFO l.i.m.MembershipConsumerApplication - No active profile set, falling back to default profiles: default
2019-01-30 14:10:08 [main] INFO o.s.c.s.PostProcessorRegistrationDelegate$BeanPostProcessorChecker - Bean 'org.springframework.amqp.rabbit.annotation.RabbitBootstrapConfiguration' of type [org.springframework.amqp.rabbit.annotation.RabbitBootstrapConfiguration$$EnhancerBySpringCGLIB$$7eac1683] is not eligible for getting processed by all BeanPostProcessors (for example: not eligible for auto-proxying)
2019-01-30 14:10:08 [main] INFO o.s.b.w.e.tomcat.TomcatWebServer - Tomcat initialized with port(s): 1025 (http)
2019-01-30 14:10:08 [main] INFO o.a.catalina.core.StandardService - Starting service [Tomcat]
2019-01-30 14:10:08 [main] INFO o.a.catalina.core.StandardEngine - Starting Servlet engine: [Apache Tomcat/9.0.14]
2019-01-30 14:10:08 [main] INFO o.a.c.core.AprLifecycleListener - The APR based Apache Tomcat Native library which allows optimal performance in production environments was not found on the java.library.path: [/Users/sithira/Library/Java/Extensions:/Library/Java/Extensions:/Network/Library/Java/Extensions:/System/Library/Java/Extensions:/usr/lib/java:.]
2019-01-30 14:10:08 [main] INFO o.a.c.c.C.[Tomcat].[localhost].[/] - Initializing Spring embedded WebApplicationContext
2019-01-30 14:10:14 [main] INFO o.s.s.c.ThreadPoolTaskExecutor - Initializing ExecutorService 'applicationTaskExecutor'
2019-01-30 14:10:14 [main] INFO o.s.s.c.ThreadPoolTaskScheduler - Initializing ExecutorService 'taskScheduler'
2019-01-30 14:10:14 [main] INFO o.s.a.r.c.CachingConnectionFactory - Attempting to connect to: localhost:5672
2019-01-30 14:10:14 [main] INFO o.s.a.r.c.CachingConnectionFactory - Created new connection: connectionFactory#4f8caaf3:0/SimpleConnection@57aa341b [delegate=amqp://sithira@127.0.0.1:5672/, localPort= 60024]
2019-01-30 14:10:14 [main] INFO o.s.b.w.e.tomcat.TomcatWebServer - Tomcat started on port(s): 1025 (http) with context path ''
2019-01-30 14:10:14 [main] INFO l.i.m.MembershipConsumerApplication - Started MembershipConsumerApplication in 21.747 seconds (JVM running for 27.246)
2019-01-30 14:14:27 [membershipQueueConsumer-1] DEBUG l.i.m.services.RabbitMQConsumer - *********** AMQP Message **********
2019-01-30 14:14:27 [membershipQueueConsumer-1] DEBUG l.i.m.services.RabbitMQConsumer -  Id          : null
2019-01-30 14:14:27 [membershipQueueConsumer-1] DEBUG l.i.m.services.RabbitMQConsumer -  CorrelId    : null
2019-01-30 14:14:27 [membershipQueueConsumer-1] DEBUG l.i.m.services.RabbitMQConsumer -  Timestamp   : null
2019-01-30 14:14:27 [membershipQueueConsumer-1] DEBUG l.i.m.services.RabbitMQConsumer -  Service     : null
2019-01-30 14:14:27 [membershipQueueConsumer-1] DEBUG l.i.m.services.RabbitMQConsumer -  Content-Type: null
2019-01-30 14:14:27 [membershipQueueConsumer-1] DEBUG l.i.m.services.RabbitMQConsumer -  Encoding    : null
2019-01-30 14:14:27 [membershipQueueConsumer-1] DEBUG l.i.m.services.RabbitMQConsumer -  Message     : {
"url":"http://localhost:1025/test"
}
2019-01-30 14:14:27 [membershipQueueConsumer-1] DEBUG l.i.m.services.RabbitMQConsumer - *************** End ***************
2019-01-30 14:14:27 [http-nio-1025-exec-1] INFO o.a.c.c.C.[Tomcat].[localhost].[/] - Initializing Spring DispatcherServlet 'dispatcherServlet'
2019-01-30 14:16:48 [Thread-46] INFO o.s.a.r.l.SimpleMessageListenerContainer - Waiting for workers to finish.
2019-01-30 14:16:48 [Thread-46] INFO o.s.a.r.l.SimpleMessageListenerContainer - Successfully waited for workers to finish.
2019-01-30 14:16:48 [Thread-46] INFO o.s.s.c.ThreadPoolTaskScheduler - Shutting down ExecutorService 'taskScheduler'
2019-01-30 14:16:48 [Thread-46] INFO o.s.s.c.ThreadPoolTaskExecutor - Shutting down ExecutorService 'applicationTaskExecutor'
2019-01-30 14:16:48 [Thread-46] INFO o.s.a.r.l.SimpleMessageListenerContainer - Shutdown ignored - container is not active already
2019-01-30 14:17:32 [main] INFO l.i.m.MembershipConsumerApplication - Starting MembershipConsumerApplication on Sithiras-MacBook-Pro-work.local with PID 69212 (/Users/sithira/Projects/Java/ikman.lk/membership-consumer/out/production/classes started by sithira in /Users/sithira/Projects/Java/ikman.lk/membership-consumer)
2019-01-30 14:17:32 [main] DEBUG l.i.m.MembershipConsumerApplication - Running with Spring Boot v2.1.2.RELEASE, Spring v5.1.4.RELEASE
2019-01-30 14:17:32 [main] INFO l.i.m.MembershipConsumerApplication - No active profile set, falling back to default profiles: default
2019-01-30 14:17:33 [main] INFO o.s.c.s.PostProcessorRegistrationDelegate$BeanPostProcessorChecker - Bean 'org.springframework.amqp.rabbit.annotation.RabbitBootstrapConfiguration' of type [org.springframework.amqp.rabbit.annotation.RabbitBootstrapConfiguration$$EnhancerBySpringCGLIB$$70c53cb2] is not eligible for getting processed by all BeanPostProcessors (for example: not eligible for auto-proxying)
2019-01-30 14:17:33 [main] INFO o.s.b.w.e.tomcat.TomcatWebServer - Tomcat initialized with port(s): 1025 (http)
2019-01-30 14:17:33 [main] INFO o.a.catalina.core.StandardService - Starting service [Tomcat]
2019-01-30 14:17:33 [main] INFO o.a.catalina.core.StandardEngine - Starting Servlet engine: [Apache Tomcat/9.0.14]
2019-01-30 14:17:33 [main] INFO o.a.c.core.AprLifecycleListener - The APR based Apache Tomcat Native library which allows optimal performance in production environments was not found on the java.library.path: [/Users/sithira/Library/Java/Extensions:/Library/Java/Extensions:/Network/Library/Java/Extensions:/System/Library/Java/Extensions:/usr/lib/java:.]
2019-01-30 14:17:33 [main] INFO o.a.c.c.C.[Tomcat].[localhost].[/] - Initializing Spring embedded WebApplicationContext
2019-01-30 14:17:39 [main] INFO o.s.s.c.ThreadPoolTaskExecutor - Initializing ExecutorService 'applicationTaskExecutor'
2019-01-30 14:17:39 [main] INFO o.s.s.c.ThreadPoolTaskScheduler - Initializing ExecutorService 'taskScheduler'
2019-01-30 14:17:39 [main] INFO o.s.a.r.c.CachingConnectionFactory - Attempting to connect to: localhost:5672
2019-01-30 14:17:39 [main] INFO o.s.a.r.c.CachingConnectionFactory - Created new connection: connectionFactory#3968bc60:0/SimpleConnection@777d191f [delegate=amqp://sithira@127.0.0.1:5672/, localPort= 60125]
2019-01-30 14:17:39 [main] INFO o.s.b.w.e.tomcat.TomcatWebServer - Tomcat started on port(s): 1025 (http) with context path ''
2019-01-30 14:17:39 [main] INFO l.i.m.MembershipConsumerApplication - Started MembershipConsumerApplication in 22.378 seconds (JVM running for 28.629)
2019-01-30 14:38:10 [membershipQueueConsumer-1] DEBUG l.i.m.services.RabbitMQConsumer - *********** AMQP Message **********
2019-01-30 14:38:10 [membershipQueueConsumer-1] DEBUG l.i.m.services.RabbitMQConsumer -  Id          : null
2019-01-30 14:38:10 [membershipQueueConsumer-1] DEBUG l.i.m.services.RabbitMQConsumer -  CorrelId    : null
2019-01-30 14:38:10 [membershipQueueConsumer-1] DEBUG l.i.m.services.RabbitMQConsumer -  Timestamp   : null
2019-01-30 14:38:10 [membershipQueueConsumer-1] DEBUG l.i.m.services.RabbitMQConsumer -  Service     : null
2019-01-30 14:38:10 [membershipQueueConsumer-1] DEBUG l.i.m.services.RabbitMQConsumer -  Content-Type: null
2019-01-30 14:38:10 [membershipQueueConsumer-1] DEBUG l.i.m.services.RabbitMQConsumer -  Encoding    : null
2019-01-30 14:38:10 [membershipQueueConsumer-1] DEBUG l.i.m.services.RabbitMQConsumer -  Message     : {
"url": "http://localhost:1025/test"
}
2019-01-30 14:38:10 [membershipQueueConsumer-1] DEBUG l.i.m.services.RabbitMQConsumer - *************** End ***************
2019-01-30 14:38:10 [http-nio-1025-exec-2] INFO o.a.c.c.C.[Tomcat].[localhost].[/] - Initializing Spring DispatcherServlet 'dispatcherServlet'
2019-01-30 14:39:17 [membershipQueueConsumer-1] DEBUG l.i.m.services.RabbitMQConsumer - *********** AMQP Message **********
2019-01-30 14:39:17 [membershipQueueConsumer-1] DEBUG l.i.m.services.RabbitMQConsumer -  Id          : null
2019-01-30 14:39:17 [membershipQueueConsumer-1] DEBUG l.i.m.services.RabbitMQConsumer -  CorrelId    : null
2019-01-30 14:39:17 [membershipQueueConsumer-1] DEBUG l.i.m.services.RabbitMQConsumer -  Timestamp   : null
2019-01-30 14:39:17 [membershipQueueConsumer-1] DEBUG l.i.m.services.RabbitMQConsumer -  Service     : null
2019-01-30 14:39:17 [membershipQueueConsumer-1] DEBUG l.i.m.services.RabbitMQConsumer -  Content-Type: null
2019-01-30 14:39:17 [membershipQueueConsumer-1] DEBUG l.i.m.services.RabbitMQConsumer -  Encoding    : null
2019-01-30 14:39:17 [membershipQueueConsumer-1] DEBUG l.i.m.services.RabbitMQConsumer -  Message     : {
"url": "http://localhost:1025/test"
}
2019-01-30 14:39:17 [membershipQueueConsumer-1] DEBUG l.i.m.services.RabbitMQConsumer - *************** End ***************
2019-01-30 14:40:11 [membershipQueueConsumer-1] DEBUG l.i.m.services.RabbitMQConsumer - *********** AMQP Message **********
2019-01-30 14:40:11 [membershipQueueConsumer-1] DEBUG l.i.m.services.RabbitMQConsumer -  Id          : null
2019-01-30 14:40:11 [membershipQueueConsumer-1] DEBUG l.i.m.services.RabbitMQConsumer -  CorrelId    : null
2019-01-30 14:40:11 [membershipQueueConsumer-1] DEBUG l.i.m.services.RabbitMQConsumer -  Timestamp   : null
2019-01-30 14:40:11 [membershipQueueConsumer-1] DEBUG l.i.m.services.RabbitMQConsumer -  Service     : null
2019-01-30 14:40:11 [membershipQueueConsumer-1] DEBUG l.i.m.services.RabbitMQConsumer -  Content-Type: null
2019-01-30 14:40:11 [membershipQueueConsumer-1] DEBUG l.i.m.services.RabbitMQConsumer -  Encoding    : null
2019-01-30 14:40:11 [membershipQueueConsumer-1] DEBUG l.i.m.services.RabbitMQConsumer -  Message     : {
"url": "http://localhost:1025/test"
}
2019-01-30 14:40:11 [membershipQueueConsumer-1] DEBUG l.i.m.services.RabbitMQConsumer - *************** End ***************
2019-01-30 14:47:01 [Thread-47] INFO o.s.a.r.l.SimpleMessageListenerContainer - Waiting for workers to finish.
2019-01-30 14:47:02 [Thread-47] INFO o.s.a.r.l.SimpleMessageListenerContainer - Successfully waited for workers to finish.
2019-01-30 14:47:02 [Thread-47] INFO o.s.s.c.ThreadPoolTaskScheduler - Shutting down ExecutorService 'taskScheduler'
2019-01-30 14:47:02 [Thread-47] INFO o.s.s.c.ThreadPoolTaskExecutor - Shutting down ExecutorService 'applicationTaskExecutor'
2019-01-30 14:47:02 [Thread-47] INFO o.s.a.r.l.SimpleMessageListenerContainer - Shutdown ignored - container is not active already
2019-01-30 14:47:08 [main] INFO l.i.m.MembershipConsumerApplication - Starting MembershipConsumerApplication on Sithiras-MacBook-Pro-work.local with PID 74693 (/Users/sithira/Projects/Java/ikman.lk/membership-consumer/out/production/classes started by sithira in /Users/sithira/Projects/Java/ikman.lk/membership-consumer)
2019-01-30 14:47:08 [main] DEBUG l.i.m.MembershipConsumerApplication - Running with Spring Boot v2.1.2.RELEASE, Spring v5.1.4.RELEASE
2019-01-30 14:47:08 [main] INFO l.i.m.MembershipConsumerApplication - No active profile set, falling back to default profiles: default
2019-01-30 14:47:09 [main] INFO o.s.c.s.PostProcessorRegistrationDelegate$BeanPostProcessorChecker - Bean 'org.springframework.amqp.rabbit.annotation.RabbitBootstrapConfiguration' of type [org.springframework.amqp.rabbit.annotation.RabbitBootstrapConfiguration$$EnhancerBySpringCGLIB$$2e89e4c8] is not eligible for getting processed by all BeanPostProcessors (for example: not eligible for auto-proxying)
2019-01-30 14:47:09 [main] INFO o.s.b.w.e.tomcat.TomcatWebServer - Tomcat initialized with port(s): 1025 (http)
2019-01-30 14:47:09 [main] INFO o.a.catalina.core.StandardService - Starting service [Tomcat]
2019-01-30 14:47:09 [main] INFO o.a.catalina.core.StandardEngine - Starting Servlet engine: [Apache Tomcat/9.0.14]
2019-01-30 14:47:09 [main] INFO o.a.c.core.AprLifecycleListener - The APR based Apache Tomcat Native library which allows optimal performance in production environments was not found on the java.library.path: [/Users/sithira/Library/Java/Extensions:/Library/Java/Extensions:/Network/Library/Java/Extensions:/System/Library/Java/Extensions:/usr/lib/java:.]
2019-01-30 14:47:09 [main] INFO o.a.c.c.C.[Tomcat].[localhost].[/] - Initializing Spring embedded WebApplicationContext
2019-01-30 14:47:10 [main] INFO o.s.s.c.ThreadPoolTaskExecutor - Initializing ExecutorService 'applicationTaskExecutor'
2019-01-30 14:47:10 [main] INFO o.s.s.c.ThreadPoolTaskScheduler - Initializing ExecutorService 'taskScheduler'
2019-01-30 14:47:10 [main] INFO o.s.a.r.c.CachingConnectionFactory - Attempting to connect to: localhost:5672
2019-01-30 14:47:10 [main] INFO o.s.a.r.c.CachingConnectionFactory - Created new connection: connectionFactory#71ea1fda:0/SimpleConnection@15cea7b0 [delegate=amqp://sithira@127.0.0.1:5672/, localPort= 60359]
2019-01-30 14:47:10 [main] INFO o.s.b.w.e.tomcat.TomcatWebServer - Tomcat started on port(s): 1025 (http) with context path ''
2019-01-30 14:47:10 [main] INFO l.i.m.MembershipConsumerApplication - Started MembershipConsumerApplication in 2.433 seconds (JVM running for 3.266)
2019-01-30 14:49:02 [membershipQueueConsumer-1] DEBUG l.i.m.services.RabbitMQConsumer - *********** AMQP Message **********
2019-01-30 14:49:02 [membershipQueueConsumer-1] DEBUG l.i.m.services.RabbitMQConsumer -  Id          : null
2019-01-30 14:49:02 [membershipQueueConsumer-1] DEBUG l.i.m.services.RabbitMQConsumer -  CorrelId    : null
2019-01-30 14:49:02 [membershipQueueConsumer-1] DEBUG l.i.m.services.RabbitMQConsumer -  Timestamp   : null
2019-01-30 14:49:02 [membershipQueueConsumer-1] DEBUG l.i.m.services.RabbitMQConsumer -  Service     : null
2019-01-30 14:49:02 [membershipQueueConsumer-1] DEBUG l.i.m.services.RabbitMQConsumer -  Content-Type: null
2019-01-30 14:49:02 [membershipQueueConsumer-1] DEBUG l.i.m.services.RabbitMQConsumer -  Encoding    : null
2019-01-30 14:49:02 [membershipQueueConsumer-1] DEBUG l.i.m.services.RabbitMQConsumer -  Message     : {
"url": "http://localhost:1025/test"
}
2019-01-30 14:49:02 [membershipQueueConsumer-1] DEBUG l.i.m.services.RabbitMQConsumer - *************** End ***************
2019-01-30 14:49:02 [http-nio-1025-exec-1] INFO o.a.c.c.C.[Tomcat].[localhost].[/] - Initializing Spring DispatcherServlet 'dispatcherServlet'
2019-01-30 15:24:46 [Thread-8] INFO o.s.a.r.l.SimpleMessageListenerContainer - Waiting for workers to finish.
2019-01-30 15:24:46 [Thread-8] INFO o.s.a.r.l.SimpleMessageListenerContainer - Successfully waited for workers to finish.
2019-01-30 15:24:46 [Thread-8] INFO o.s.s.c.ThreadPoolTaskScheduler - Shutting down ExecutorService 'taskScheduler'
2019-01-30 15:24:46 [Thread-8] INFO o.s.s.c.ThreadPoolTaskExecutor - Shutting down ExecutorService 'applicationTaskExecutor'
2019-01-30 15:24:46 [Thread-8] INFO o.s.a.r.l.SimpleMessageListenerContainer - Shutdown ignored - container is not active already
